2025-11-27 12:56:37,490 [WARNING] options_bot - No valid token found at ./tokens/schwabToken.json
2025-11-27 12:56:37,490 [WARNING] options_bot - Please obtain a new OAuth token from https://developer.schwab.com
2025-11-27 12:56:37,704 [ERROR] options_bot - Error fetching account info: 400 Client Error: Bad Request for url: https://api.schwabapi.com/trader/v1/accounts/6578-7226
2025-11-27 13:04:33,079 [WARNING] options_bot - No valid token found at ./tokens/schwabToken.json
2025-11-27 13:04:33,080 [WARNING] options_bot - Please obtain a new OAuth token from https://developer.schwab.com
2025-11-27 13:04:33,242 [ERROR] options_bot - Error fetching account info: 400 Client Error: Bad Request for url: https://api.schwabapi.com/trader/v1/accounts/6578-7226
2025-11-27 13:22:49,524 [INFO] options_bot - Tokens loaded from file
2025-11-27 13:22:49,757 [ERROR] options_bot - Error fetching account info: 400 Client Error: Bad Request for url: https://api.schwabapi.com/trader/v1/accounts/6578-7226
2025-11-27 13:23:35,030 [INFO] options_bot - Tokens loaded from file
2025-11-27 13:23:35,273 [ERROR] options_bot - Error getting account hash: 400 Client Error: Bad Request for url: https://api.schwabapi.com/trader/v1/accounts/accountNumbers
2025-11-27 13:23:35,274 [ERROR] options_bot - Cannot get account info without account hash
2025-11-27 13:23:54,288 [INFO] options_bot - Tokens loaded from file
2025-11-27 13:23:54,436 [ERROR] options_bot - Error getting account hash: 400 Client Error: Bad Request for url: https://api.schwabapi.com/trader/v1/accounts/accountNumbers
2025-11-27 13:23:54,436 [ERROR] options_bot - Cannot get account info without account hash
2025-11-27 13:25:44,385 [INFO] options_bot - Tokens loaded from file
2025-11-27 13:25:44,538 [ERROR] options_bot - Error getting account hash: 400 Client Error: Bad Request for url: https://api.schwabapi.com/trader/v1/accounts/accountNumbers
2025-11-27 13:25:50,567 [INFO] options_bot - Tokens loaded from file
2025-11-27 13:26:25,228 [INFO] options_bot - Tokens loaded from file
2025-11-27 13:26:25,513 [INFO] options_bot - Retrieved 2 linked accounts
2025-11-27 13:26:25,513 [INFO] options_bot - Found account hash for 65787226
2025-11-27 13:26:30,482 [INFO] options_bot - Tokens loaded from file
2025-11-27 13:26:30,819 [INFO] options_bot - Retrieved 2 linked accounts
2025-11-27 13:26:30,819 [INFO] options_bot - Found account hash for 65787226
2025-11-27 13:26:31,059 [INFO] options_bot - Account info retrieved for 65787226
2025-11-27 13:26:31,059 [ERROR] options_bot - Test failed: unsupported format string passed to NoneType.__format__
Traceback (most recent call last):
  File "/Users/sanjayj/codeclub/options-trading-bot/test_schwab_api.py", line 75, in main
    print(f"  Buying Power: ${account_info.get('buying_power', 0):,.2f}")
TypeError: unsupported format string passed to NoneType.__format__
2025-11-27 13:26:36,908 [INFO] options_bot - Tokens loaded from file
2025-11-27 13:26:37,205 [INFO] options_bot - Retrieved 2 linked accounts
2025-11-27 13:26:37,205 [INFO] options_bot - Found account hash for 65787226
2025-11-27 13:26:37,467 [INFO] options_bot - Account info retrieved for 65787226
2025-11-27 13:26:43,933 [INFO] options_bot - Tokens loaded from file
2025-11-27 13:26:44,368 [INFO] options_bot - Retrieved 2 linked accounts
2025-11-27 13:26:44,368 [INFO] options_bot - Found account hash for 65787226
2025-11-27 13:27:01,981 [INFO] options_bot - Tokens loaded from file
2025-11-27 13:27:02,231 [INFO] options_bot - Retrieved 2 linked accounts
2025-11-27 13:27:02,232 [INFO] options_bot - Found account hash for 65787226
2025-11-27 13:27:02,463 [INFO] options_bot - Account info retrieved for 65787226
2025-11-27 13:27:02,590 [ERROR] options_bot - Error fetching quote for AAPL: 404 Client Error: Not Found for url: https://api.schwabapi.com/trader/v1/marketdata/AAPL/quotes
2025-11-27 13:27:02,771 [ERROR] options_bot - Error fetching price history for AAPL: 404 Client Error: Not Found for url: https://api.schwabapi.com/trader/v1/marketdata/AAPL/pricehistory?periodType=day&frequencyType=daily&frequency=1&startDate=1763836022590&endDate=1764268022590
2025-11-27 13:27:19,754 [INFO] options_bot - Tokens loaded from file
2025-11-27 13:27:20,022 [INFO] options_bot - Retrieved 2 linked accounts
2025-11-27 13:27:20,023 [INFO] options_bot - Found account hash for 65787226
2025-11-27 13:27:20,287 [INFO] options_bot - Account info retrieved for 65787226
2025-11-27 13:27:20,389 [ERROR] options_bot - Error fetching quote for AAPL: 404 Client Error: Not Found for url: https://api.schwabapi.com/marketdata/v1/quotes/AAPL
2025-11-27 13:27:20,573 [ERROR] options_bot - Error fetching price history for AAPL: 400 Client Error: Bad Request for url: https://api.schwabapi.com/marketdata/v1/pricehistory?periodType=day&frequencyType=daily&frequency=1&startDate=1763836040389&endDate=1764268040389&symbol=AAPL
2025-11-27 13:28:15,405 [INFO] options_bot - Tokens loaded from file
2025-11-27 13:28:15,812 [INFO] options_bot - Retrieved 2 linked accounts
2025-11-27 13:28:15,812 [INFO] options_bot - Found account hash for 65787226
2025-11-27 13:28:16,030 [INFO] options_bot - Account info retrieved for 65787226
2025-11-27 13:28:16,324 [INFO] options_bot - Quote received for AAPL: $277.9
2025-11-27 13:28:16,859 [INFO] options_bot - Retrieved 3384 candles for AAPL
2025-11-27 13:28:25,277 [INFO] options_bot - Tokens loaded from file
2025-11-27 13:28:25,552 [INFO] options_bot - Retrieved 2 linked accounts
2025-11-27 13:28:25,552 [INFO] options_bot - Found account hash for 65787226
2025-11-27 13:28:25,847 [INFO] options_bot - Account info retrieved for 65787226
2025-11-27 13:28:26,044 [INFO] options_bot - Quote received for AAPL: $277.9
2025-11-27 13:28:26,373 [INFO] options_bot - Retrieved 3384 candles for AAPL
2025-11-27 13:28:36,690 [INFO] options_bot - Tokens loaded from file
2025-11-27 13:28:37,113 [INFO] options_bot - Retrieved 2 linked accounts
2025-11-27 13:28:37,113 [INFO] options_bot - Found account hash for 65787226
2025-11-27 13:28:37,367 [INFO] options_bot - Account info retrieved for 65787226
2025-11-27 13:28:37,547 [INFO] options_bot - Quote received for AAPL: $277.9
2025-11-27 13:28:37,830 [INFO] options_bot - Retrieved 22 candles for AAPL
2025-11-27 15:35:30,080 [INFO] options_bot - Running backtest with sample data...
2025-11-27 15:35:30,081 [INFO] options_bot - Starting backtest with $10000.00 capital
2025-11-27 15:35:30,115 [INFO] options_bot - Backtest completed: 11 trades, $-232.32 P&L, 36.4% win rate
2025-11-27 15:36:45,299 [INFO] options_bot - Tokens loaded from file
2025-11-27 15:36:45,300 [ERROR] options_bot - Backtest error: 'SchwabBrokerAPI' object has no attribute 'load_oauth_tokens'
2025-11-27 15:36:59,506 [INFO] options_bot - Tokens loaded from file
2025-11-27 15:36:59,716 [ERROR] options_bot - Error getting account hash: 401 Client Error: Unauthorized for url: https://api.schwabapi.com/trader/v1/accounts/accountNumbers
2025-11-27 15:36:59,716 [ERROR] options_bot - Unable to get account hash
2025-11-27 15:37:49,161 [INFO] options_bot - Starting paper trading simulation...
2025-11-27 15:37:49,162 [INFO] options_bot - Simulating 300 time periods...
2025-11-27 15:37:49,165 [INFO] options_bot - PAPER: BUY 19.4225 AAPL @ $102.97 (cost: $2003.00)
2025-11-27 15:37:49,165 [INFO] options_bot - Position opened: AAPL - 19.4225 @ $102.97
2025-11-27 15:37:49,165 [INFO] options_bot - PAPER: BUY 14.7216 QQQ @ $108.64 (cost: $1601.80)
2025-11-27 15:37:49,165 [INFO] options_bot - Position opened: QQQ - 14.7216 @ $108.64
2025-11-27 15:37:49,166 [INFO] options_bot - PAPER: SELL 14.7216 QQQ @ $110.63 P&L: $26.77 (1.67%)
2025-11-27 15:37:49,166 [INFO] options_bot - Position closed: QQQ - $26.77 (1.67%) WIN ✓
2025-11-27 15:37:49,172 [INFO] options_bot - PAPER: BUY 14.2596 QQQ @ $112.50 (cost: $1606.68)
2025-11-27 15:37:49,172 [INFO] options_bot - Position opened: QQQ - 14.2596 @ $112.50
2025-11-27 15:37:49,172 [INFO] options_bot - PAPER: SELL 19.4225 AAPL @ $106.71 P&L: $69.40 (3.47%)
2025-11-27 15:37:49,172 [INFO] options_bot - Position closed: AAPL - $69.40 (3.47%) WIN ✓
2025-11-27 15:37:49,172 [INFO] options_bot - PAPER: SELL 14.2596 QQQ @ $112.50 P&L: $-2.41 (-0.15%)
2025-11-27 15:37:49,172 [INFO] options_bot - Position closed: QQQ - $-2.41 (-0.15%) LOSS ✗
2025-11-27 15:37:49,172 [INFO] options_bot - PAPER: BUY 19.1558 AAPL @ $105.30 (cost: $2020.22)
2025-11-27 15:37:49,172 [INFO] options_bot - Position opened: AAPL - 19.1558 @ $105.30
2025-11-27 15:37:49,172 [INFO] options_bot - PAPER: BUY 18.1750 SPY @ $88.76 (cost: $1615.57)
2025-11-27 15:37:49,172 [INFO] options_bot - Position opened: SPY - 18.1750 @ $88.76
2025-11-27 15:37:49,173 [INFO] options_bot - PAPER: BUY 11.5883 QQQ @ $111.32 (cost: $1291.97)
2025-11-27 15:37:49,173 [INFO] options_bot - Position opened: QQQ - 11.5883 @ $111.32
2025-11-27 15:37:49,173 [INFO] options_bot - PAPER: SELL 18.1750 SPY @ $89.63 P&L: $13.45 (0.83%)
2025-11-27 15:37:49,173 [INFO] options_bot - Position closed: SPY - $13.45 (0.83%) WIN ✓
2025-11-27 15:37:49,173 [INFO] options_bot - PAPER: SELL 11.5883 QQQ @ $110.53 P&L: $-11.09 (-0.86%)
2025-11-27 15:37:49,173 [INFO] options_bot - Position closed: QQQ - $-11.09 (-0.86%) LOSS ✗
2025-11-27 15:37:49,173 [INFO] options_bot - PAPER: SELL 19.1558 AAPL @ $105.50 P&L: $0.71 (0.03%)
2025-11-27 15:37:49,173 [INFO] options_bot - Position closed: AAPL - $0.71 (0.03%) WIN ✓
2025-11-27 15:37:49,173 [INFO] options_bot - PAPER: BUY 22.8473 SPY @ $88.25 (cost: $2019.35)
2025-11-27 15:37:49,173 [INFO] options_bot - Position opened: SPY - 22.8473 @ $88.25
2025-11-27 15:37:49,173 [INFO] options_bot - PAPER: BUY 14.5882 QQQ @ $110.53 (cost: $1614.88)
2025-11-27 15:37:49,173 [INFO] options_bot - Position opened: QQQ - 14.5882 @ $110.53
2025-11-27 15:37:49,174 [INFO] options_bot - PAPER: BUY 12.2226 AAPL @ $105.50 (cost: $1291.42)
2025-11-27 15:37:49,174 [INFO] options_bot - Position opened: AAPL - 12.2226 @ $105.50
2025-11-27 15:37:49,174 [INFO] options_bot - PAPER: SELL 12.2226 AAPL @ $105.81 P&L: $1.86 (0.14%)
2025-11-27 15:37:49,174 [INFO] options_bot - Position closed: AAPL - $1.86 (0.14%) WIN ✓
2025-11-27 15:37:49,174 [INFO] options_bot - PAPER: SELL 22.8473 SPY @ $89.39 P&L: $22.94 (1.14%)
2025-11-27 15:37:49,174 [INFO] options_bot - Position closed: SPY - $22.94 (1.14%) WIN ✓
2025-11-27 15:37:49,174 [INFO] options_bot - PAPER: BUY 16.0680 AAPL @ $105.63 (cost: $1699.87)
2025-11-27 15:37:49,174 [INFO] options_bot - Position opened: AAPL - 16.0680 @ $105.63
2025-11-27 15:37:49,175 [INFO] options_bot - PAPER: SELL 16.0680 AAPL @ $107.23 P&L: $23.07 (1.36%)
2025-11-27 15:37:49,175 [INFO] options_bot - Position closed: AAPL - $23.07 (1.36%) WIN ✓
2025-11-27 15:37:49,175 [INFO] options_bot - PAPER: BUY 16.1574 AAPL @ $105.30 (cost: $1703.98)
2025-11-27 15:37:49,175 [INFO] options_bot - Position opened: AAPL - 16.1574 @ $105.30
2025-11-27 15:37:49,184 [INFO] options_bot - PAPER: SELL 16.1574 AAPL @ $108.05 P&L: $41.74 (2.45%)
2025-11-27 15:37:49,184 [INFO] options_bot - Position closed: AAPL - $41.74 (2.45%) WIN ✓
2025-11-27 15:37:49,187 [INFO] options_bot - PAPER: BUY 15.5510 AAPL @ $109.91 (cost: $1711.83)
2025-11-27 15:37:49,187 [INFO] options_bot - Position opened: AAPL - 15.5510 @ $109.91
2025-11-27 15:37:49,188 [INFO] options_bot - PAPER: SELL 15.5510 AAPL @ $110.23 P&L: $2.31 (0.13%)
2025-11-27 15:37:49,188 [INFO] options_bot - Position closed: AAPL - $2.31 (0.13%) WIN ✓
2025-11-27 15:37:49,188 [INFO] options_bot - PAPER: BUY 15.3509 AAPL @ $111.34 (cost: $1711.77)
2025-11-27 15:37:49,188 [INFO] options_bot - Position opened: AAPL - 15.3509 @ $111.34
2025-11-27 15:37:49,189 [INFO] options_bot - PAPER: SELL 15.3509 AAPL @ $111.02 P&L: $-7.45 (-0.44%)
2025-11-27 15:37:49,189 [INFO] options_bot - Position closed: AAPL - $-7.45 (-0.44%) LOSS ✗
2025-11-27 15:37:49,193 [INFO] options_bot - PAPER: BUY 18.3607 SPY @ $92.98 (cost: $1709.77)
2025-11-27 15:37:49,193 [INFO] options_bot - Position opened: SPY - 18.3607 @ $92.98
2025-11-27 15:37:49,194 [INFO] options_bot - PAPER: SELL 18.3607 SPY @ $94.53 P&L: $25.88 (1.52%)
2025-11-27 15:37:49,194 [INFO] options_bot - Position closed: SPY - $25.88 (1.52%) WIN ✓
2025-11-27 15:37:49,194 [INFO] options_bot - PAPER: BUY 15.8330 AAPL @ $108.12 (cost: $1714.44)
2025-11-27 15:37:49,194 [INFO] options_bot - Position opened: AAPL - 15.8330 @ $108.12
2025-11-27 15:37:49,195 [INFO] options_bot - PAPER: SELL 14.5882 QQQ @ $116.61 P&L: $86.06 (5.34%)
2025-11-27 15:37:49,195 [INFO] options_bot - Position closed: QQQ - $86.06 (5.34%) WIN ✓
2025-11-27 15:37:49,198 [INFO] options_bot - PAPER: SELL 15.8330 AAPL @ $105.93 P&L: $-37.24 (-2.18%)
2025-11-27 15:37:49,198 [INFO] options_bot - Position closed: AAPL - $-37.24 (-2.18%) LOSS ✗
2025-11-27 15:37:49,198 [INFO] options_bot - Exported 15 trades to paper_trades.json
2025-11-27 15:40:33,406 [INFO] options_bot - Starting backtest with $5000.00 capital
2025-11-27 15:40:33,410 [INFO] options_bot - Backtest completed: 1 trades, $183.54 P&L, 100.0% win rate
2025-11-27 15:40:33,413 [INFO] options_bot - PAPER: BUY 9.9864 TEST1 @ $100.14 (cost: $1001.50)
2025-11-27 15:40:33,414 [INFO] options_bot - PAPER: SELL 9.9864 TEST1 @ $99.33 P&L: $-9.56 (-0.96%)
2025-11-27 15:40:33,414 [INFO] options_bot - PAPER: BUY 10.5544 TEST2 @ $94.54 (cost: $999.28)
2025-11-27 15:40:33,416 [INFO] options_bot - PAPER: SELL 10.5544 TEST2 @ $96.68 P&L: $21.08 (2.11%)
2025-11-27 15:40:33,461 [INFO] options_bot - Tokens loaded from file
2025-11-27 15:40:33,665 [ERROR] options_bot - Error fetching quote for AAPL: 401 Client Error: Unauthorized for url: https://api.schwabapi.com/marketdata/v1/quotes?symbols=AAPL
2025-11-27 15:40:33,686 [WARNING] options_bot - python-telegram-bot not installed. Install with: pip install python-telegram-bot
2025-11-27 15:40:33,686 [ERROR] options_bot - Telegram module not available
2025-11-27 15:42:55,720 [INFO] options_bot - Running without Telegram notifications
2025-11-27 15:42:55,720 [INFO] options_bot - To enable: python paper_trading_telegram.py --token YOUR_TOKEN --chat-id YOUR_CHAT_ID
2025-11-27 15:42:55,720 [INFO] options_bot - Starting paper trading with Telegram integration...
2025-11-27 15:42:55,721 [INFO] options_bot - Simulating 300 time periods...
2025-11-27 15:42:55,722 [INFO] options_bot - PAPER: BUY 19.0342 AAPL @ $105.07 (cost: $2003.00)
2025-11-27 15:42:55,722 [INFO] options_bot - 🟢 POSITION OPENED: AAPL
Quantity: 19.0342
Entry Price: $105.07
2025-11-27 15:42:55,722 [INFO] options_bot - PAPER: BUY 16.6131 SPY @ $96.27 (cost: $1601.80)
2025-11-27 15:42:55,722 [INFO] options_bot - 🟢 POSITION OPENED: SPY
Quantity: 16.6131
Entry Price: $96.27
2025-11-27 15:42:55,723 [INFO] options_bot - PAPER: SELL 16.6131 SPY @ $96.72 P&L: $5.02 (0.31%)
2025-11-27 15:42:55,723 [INFO] options_bot - ✅ WIN: SPY
P&L: $5.02 (0.31%)
2025-11-27 15:42:55,723 [INFO] options_bot - PAPER: BUY 16.5462 QQQ @ $96.69 (cost: $1602.32)
2025-11-27 15:42:55,723 [INFO] options_bot - 🟢 POSITION OPENED: QQQ
Quantity: 16.5462
Entry Price: $96.69
2025-11-27 15:42:55,725 [INFO] options_bot - PAPER: SELL 19.0342 AAPL @ $107.95 P&L: $51.62 (2.58%)
2025-11-27 15:42:55,725 [INFO] options_bot - ✅ WIN: AAPL
P&L: $51.62 (2.58%)
2025-11-27 15:42:55,731 [INFO] options_bot - PAPER: BUY 16.2624 AAPL @ $103.91 (cost: $1692.32)
2025-11-27 15:42:55,731 [INFO] options_bot - 🟢 POSITION OPENED: AAPL
Quantity: 16.2624
Entry Price: $103.91
2025-11-27 15:42:55,740 [INFO] options_bot - PAPER: SELL 16.2624 AAPL @ $98.51 P&L: $-90.14 (-5.33%)
2025-11-27 15:42:55,740 [INFO] options_bot - ❌ LOSS: AAPL
P&L: $-90.14 (-5.33%)
2025-11-27 15:42:55,740 [INFO] options_bot - PAPER: BUY 16.9883 AAPL @ $98.38 (cost: $1673.76)
2025-11-27 15:42:55,740 [INFO] options_bot - 🟢 POSITION OPENED: AAPL
Quantity: 16.9883
Entry Price: $98.38
2025-11-27 15:42:55,755 [INFO] options_bot - PAPER: SELL 16.5462 QQQ @ $82.77 P&L: $-232.45 (-14.53%)
2025-11-27 15:42:55,755 [INFO] options_bot - ❌ LOSS: QQQ
P&L: $-232.45 (-14.53%)
2025-11-27 15:42:55,755 [INFO] options_bot - PAPER: SELL 16.9883 AAPL @ $86.56 P&L: $-202.98 (-12.15%)
2025-11-27 15:42:55,755 [INFO] options_bot - ❌ LOSS: AAPL
P&L: $-202.98 (-12.15%)
2025-11-27 15:42:55,755 [INFO] options_bot - Exported 5 trades to paper_trades_telegram.json
2025-11-27 16:02:24,748 [INFO] options_bot - Telegram notifier initialized
2025-11-27 16:02:30,903 [INFO] options_bot - Telegram notifier initialized
2025-11-27 16:02:44,833 [INFO] options_bot - Telegram notifier initialized
2025-11-27 16:02:54,822 [INFO] options_bot - Telegram notifier initialized
2025-11-27 16:02:55,365 [INFO] httpx - HTTP Request: POST https://api.telegram.org/bot1917762725:AAEFBw_K62I09owCVvNRIBv0WGIZwHB4C-o/sendMessage "HTTP/1.1 200 OK"
2025-11-27 16:02:55,660 [INFO] httpx - HTTP Request: POST https://api.telegram.org/bot1917762725:AAEFBw_K62I09owCVvNRIBv0WGIZwHB4C-o/sendMessage "HTTP/1.1 200 OK"
2025-11-27 16:04:08,230 [INFO] options_bot - Telegram notifier initialized
2025-11-27 16:04:08,692 [INFO] httpx - HTTP Request: POST https://api.telegram.org/bot1917762725:AAEFBw_K62I09owCVvNRIBv0WGIZwHB4C-o/sendMessage "HTTP/1.1 200 OK"
2025-11-27 16:04:08,963 [INFO] httpx - HTTP Request: POST https://api.telegram.org/bot1917762725:AAEFBw_K62I09owCVvNRIBv0WGIZwHB4C-o/sendMessage "HTTP/1.1 200 OK"
2025-11-27 16:06:31,067 [INFO] options_bot - Telegram notifier initialized
2025-11-27 16:06:31,540 [INFO] httpx - HTTP Request: POST https://api.telegram.org/bot1917762725:AAEFBw_K62I09owCVvNRIBv0WGIZwHB4C-o/sendMessage "HTTP/1.1 200 OK"
2025-11-27 16:06:31,809 [INFO] httpx - HTTP Request: POST https://api.telegram.org/bot1917762725:AAEFBw_K62I09owCVvNRIBv0WGIZwHB4C-o/sendMessage "HTTP/1.1 200 OK"
2025-11-27 16:06:32,101 [INFO] httpx - HTTP Request: POST https://api.telegram.org/bot1917762725:AAEFBw_K62I09owCVvNRIBv0WGIZwHB4C-o/sendMessage "HTTP/1.1 200 OK"
2025-11-27 16:06:32,367 [INFO] httpx - HTTP Request: POST https://api.telegram.org/bot1917762725:AAEFBw_K62I09owCVvNRIBv0WGIZwHB4C-o/sendMessage "HTTP/1.1 200 OK"
2025-11-27 16:08:52,620 [WARNING] options_bot - Telegram credentials not found in environment
2025-11-27 16:08:52,620 [INFO] options_bot - Starting paper trading with Telegram integration...
2025-11-27 16:08:52,621 [INFO] options_bot - Simulating 300 time periods...
2025-11-27 16:08:52,623 [INFO] options_bot - PAPER: BUY 21.3981 AAPL @ $93.47 (cost: $2003.00)
2025-11-27 16:08:52,623 [INFO] options_bot - 🟢 POSITION OPENED: AAPL
Quantity: 21.3981
Entry Price: $93.47
2025-11-27 16:08:52,623 [INFO] options_bot - PAPER: BUY 14.9620 SPY @ $106.90 (cost: $1601.80)
2025-11-27 16:08:52,623 [INFO] options_bot - 🟢 POSITION OPENED: SPY
Quantity: 14.9620
Entry Price: $106.90
2025-11-27 16:08:52,623 [INFO] options_bot - PAPER: BUY 12.2488 QQQ @ $104.42 (cost: $1280.96)
2025-11-27 16:08:52,623 [INFO] options_bot - 🟢 POSITION OPENED: QQQ
Quantity: 12.2488
Entry Price: $104.42
2025-11-27 16:08:52,631 [INFO] options_bot - PAPER: SELL 21.3981 AAPL @ $89.52 P&L: $-87.37 (-4.37%)
2025-11-27 16:08:52,631 [INFO] options_bot - ❌ LOSS: AAPL
P&L: $-87.37 (-4.37%)
2025-11-27 16:08:52,631 [INFO] options_bot - PAPER: SELL 14.9620 SPY @ $106.65 P&L: $-6.04 (-0.38%)
2025-11-27 16:08:52,631 [INFO] options_bot - ❌ LOSS: SPY
P&L: $-6.04 (-0.38%)
2025-11-27 16:08:52,631 [INFO] options_bot - PAPER: SELL 12.2488 QQQ @ $101.35 P&L: $-39.49 (-3.09%)
2025-11-27 16:08:52,631 [INFO] options_bot - ❌ LOSS: QQQ
P&L: $-39.49 (-3.09%)
2025-11-27 16:08:52,632 [INFO] options_bot - PAPER: BUY 18.1646 SPY @ $108.56 (cost: $1974.92)
2025-11-27 16:08:52,632 [INFO] options_bot - 🟢 POSITION OPENED: SPY
Quantity: 18.1646
Entry Price: $108.56
2025-11-27 16:08:52,632 [INFO] options_bot - PAPER: BUY 15.2656 QQQ @ $103.30 (cost: $1579.34)
2025-11-27 16:08:52,633 [INFO] options_bot - 🟢 POSITION OPENED: QQQ
Quantity: 15.2656
Entry Price: $103.30
2025-11-27 16:08:52,634 [INFO] options_bot - PAPER: SELL 15.2656 QQQ @ $103.12 P&L: $-5.17 (-0.33%)
2025-11-27 16:08:52,634 [INFO] options_bot - ❌ LOSS: QQQ
P&L: $-5.17 (-0.33%)
2025-11-27 16:08:52,636 [INFO] options_bot - PAPER: BUY 15.2524 QQQ @ $103.29 (cost: $1577.83)
2025-11-27 16:08:52,636 [INFO] options_bot - 🟢 POSITION OPENED: QQQ
Quantity: 15.2524
Entry Price: $103.29
2025-11-27 16:08:52,642 [INFO] options_bot - PAPER: SELL 15.2524 QQQ @ $102.68 P&L: $-11.64 (-0.74%)
2025-11-27 16:08:52,642 [INFO] options_bot - ❌ LOSS: QQQ
P&L: $-11.64 (-0.74%)
2025-11-27 16:08:52,644 [INFO] options_bot - PAPER: BUY 15.4433 QQQ @ $101.83 (cost: $1575.03)
2025-11-27 16:08:52,644 [INFO] options_bot - 🟢 POSITION OPENED: QQQ
Quantity: 15.4433
Entry Price: $101.83
2025-11-27 16:08:52,645 [INFO] options_bot - PAPER: SELL 15.4433 QQQ @ $102.84 P&L: $13.10 (0.83%)
2025-11-27 16:08:52,645 [INFO] options_bot - ✅ WIN: QQQ
P&L: $13.10 (0.83%)
2025-11-27 16:08:52,646 [INFO] options_bot - PAPER: BUY 15.3061 QQQ @ $102.89 (cost: $1577.18)
2025-11-27 16:08:52,646 [INFO] options_bot - 🟢 POSITION OPENED: QQQ
Quantity: 15.3061
Entry Price: $102.89
2025-11-27 16:08:52,649 [INFO] options_bot - PAPER: SELL 15.3061 QQQ @ $106.41 P&L: $51.41 (3.26%)
2025-11-27 16:08:52,649 [INFO] options_bot - ✅ WIN: QQQ
P&L: $51.41 (3.26%)
2025-11-27 16:08:52,651 [INFO] options_bot - PAPER: BUY 14.8428 QQQ @ $106.76 (cost: $1587.00)
2025-11-27 16:08:52,651 [INFO] options_bot - 🟢 POSITION OPENED: QQQ
Quantity: 14.8428
Entry Price: $106.76
2025-11-27 16:08:52,652 [INFO] options_bot - PAPER: SELL 14.8428 QQQ @ $109.16 P&L: $33.23 (2.10%)
2025-11-27 16:08:52,652 [INFO] options_bot - ✅ WIN: QQQ
P&L: $33.23 (2.10%)
2025-11-27 16:08:52,653 [INFO] options_bot - PAPER: BUY 14.3320 QQQ @ $111.00 (cost: $1593.18)
2025-11-27 16:08:52,653 [INFO] options_bot - 🟢 POSITION OPENED: QQQ
Quantity: 14.3320
Entry Price: $111.00
2025-11-27 16:08:52,654 [INFO] options_bot - PAPER: SELL 14.3320 QQQ @ $113.77 P&L: $37.31 (2.35%)
2025-11-27 16:08:52,654 [INFO] options_bot - ✅ WIN: QQQ
P&L: $37.31 (2.35%)
2025-11-27 16:08:52,655 [INFO] options_bot - PAPER: BUY 14.2305 QQQ @ $112.28 (cost: $1600.18)
2025-11-27 16:08:52,655 [INFO] options_bot - 🟢 POSITION OPENED: QQQ
Quantity: 14.2305
Entry Price: $112.28
2025-11-27 16:08:52,658 [INFO] options_bot - PAPER: SELL 18.1646 SPY @ $106.89 P&L: $-33.21 (-1.68%)
2025-11-27 16:08:52,658 [INFO] options_bot - ❌ LOSS: SPY
P&L: $-33.21 (-1.68%)
2025-11-27 16:08:52,659 [INFO] options_bot - PAPER: SELL 14.2305 QQQ @ $110.25 P&L: $-31.22 (-1.95%)
2025-11-27 16:08:52,659 [INFO] options_bot - ❌ LOSS: QQQ
P&L: $-31.22 (-1.95%)
2025-11-27 16:08:52,659 [INFO] options_bot - Exported 11 trades to paper_trades_telegram.json
2025-11-27 16:09:07,299 [INFO] options_bot - Telegram notifier initialized
2025-11-27 16:09:07,299 [INFO] options_bot - ✓ Telegram notifier initialized from environment
2025-11-27 16:09:07,299 [INFO] options_bot - Starting paper trading with Telegram integration...
2025-11-27 16:09:07,300 [INFO] options_bot - Simulating 300 time periods...
2025-11-27 16:09:07,303 [INFO] options_bot - PAPER: BUY 18.1913 SPY @ $109.94 (cost: $2003.00)
2025-11-27 16:09:07,303 [INFO] options_bot - 🟢 POSITION OPENED: SPY
Quantity: 18.1913
Entry Price: $109.94
2025-11-27 16:09:07,303 [WARNING] options_bot - Could not send Telegram notification: send_trade_signal_sync() missing 4 required positional arguments: 'action', 'price', 'confidence', and 'indicators'
2025-11-27 16:09:07,303 [INFO] options_bot - PAPER: BUY 17.6341 AAPL @ $90.70 (cost: $1601.80)
2025-11-27 16:09:07,303 [INFO] options_bot - 🟢 POSITION OPENED: AAPL
Quantity: 17.6341
Entry Price: $90.70
2025-11-27 16:09:07,303 [WARNING] options_bot - Could not send Telegram notification: send_trade_signal_sync() missing 4 required positional arguments: 'action', 'price', 'confidence', and 'indicators'
2025-11-27 16:09:07,303 [INFO] options_bot - PAPER: BUY 11.4226 QQQ @ $111.97 (cost: $1280.96)
2025-11-27 16:09:07,303 [INFO] options_bot - 🟢 POSITION OPENED: QQQ
Quantity: 11.4226
Entry Price: $111.97
2025-11-27 16:09:07,303 [WARNING] options_bot - Could not send Telegram notification: send_trade_signal_sync() missing 4 required positional arguments: 'action', 'price', 'confidence', and 'indicators'
2025-11-27 16:09:07,304 [INFO] options_bot - PAPER: SELL 17.6341 AAPL @ $92.70 P&L: $32.80 (2.05%)
2025-11-27 16:09:07,304 [INFO] options_bot - ✅ WIN: AAPL
P&L: $32.80 (2.05%)
2025-11-27 16:09:07,304 [WARNING] options_bot - Could not send Telegram notification: send_trade_signal_sync() missing 4 required positional arguments: 'action', 'price', 'confidence', and 'indicators'
2025-11-27 16:09:07,316 [INFO] options_bot - PAPER: SELL 11.4226 QQQ @ $114.40 P&L: $25.72 (2.01%)
2025-11-27 16:09:07,316 [INFO] options_bot - ✅ WIN: QQQ
P&L: $25.72 (2.01%)
2025-11-27 16:09:07,316 [WARNING] options_bot - Could not send Telegram notification: send_trade_signal_sync() missing 4 required positional arguments: 'action', 'price', 'confidence', and 'indicators'
2025-11-27 16:09:07,318 [INFO] options_bot - PAPER: BUY 13.6666 QQQ @ $117.82 (cost: $1612.65)
2025-11-27 16:09:07,318 [INFO] options_bot - 🟢 POSITION OPENED: QQQ
Quantity: 13.6666
Entry Price: $117.82
2025-11-27 16:09:07,319 [WARNING] options_bot - Could not send Telegram notification: send_trade_signal_sync() missing 4 required positional arguments: 'action', 'price', 'confidence', and 'indicators'
2025-11-27 16:09:07,319 [INFO] options_bot - PAPER: SELL 13.6666 QQQ @ $118.46 P&L: $6.34 (0.39%)
2025-11-27 16:09:07,319 [INFO] options_bot - ✅ WIN: QQQ
P&L: $6.34 (0.39%)
2025-11-27 16:09:07,319 [WARNING] options_bot - Could not send Telegram notification: send_trade_signal_sync() missing 4 required positional arguments: 'action', 'price', 'confidence', and 'indicators'
2025-11-27 16:09:07,321 [INFO] options_bot - PAPER: BUY 13.5538 QQQ @ $118.86 (cost: $1613.44)
2025-11-27 16:09:07,321 [INFO] options_bot - 🟢 POSITION OPENED: QQQ
Quantity: 13.5538
Entry Price: $118.86
2025-11-27 16:09:07,321 [WARNING] options_bot - Could not send Telegram notification: send_trade_signal_sync() missing 4 required positional arguments: 'action', 'price', 'confidence', and 'indicators'
2025-11-27 16:09:07,323 [INFO] options_bot - PAPER: SELL 13.5538 QQQ @ $122.03 P&L: $40.45 (2.51%)
2025-11-27 16:09:07,323 [INFO] options_bot - ✅ WIN: QQQ
P&L: $40.45 (2.51%)
2025-11-27 16:09:07,323 [WARNING] options_bot - Could not send Telegram notification: send_trade_signal_sync() missing 4 required positional arguments: 'action', 'price', 'confidence', and 'indicators'
2025-11-27 16:09:07,323 [INFO] options_bot - PAPER: BUY 13.1556 QQQ @ $123.04 (cost: $1621.06)
2025-11-27 16:09:07,324 [INFO] options_bot - 🟢 POSITION OPENED: QQQ
Quantity: 13.1556
Entry Price: $123.04
2025-11-27 16:09:07,324 [WARNING] options_bot - Could not send Telegram notification: send_trade_signal_sync() missing 4 required positional arguments: 'action', 'price', 'confidence', and 'indicators'
2025-11-27 16:09:07,327 [INFO] options_bot - PAPER: SELL 13.1556 QQQ @ $125.63 P&L: $31.66 (1.96%)
2025-11-27 16:09:07,327 [INFO] options_bot - ✅ WIN: QQQ
P&L: $31.66 (1.96%)
2025-11-27 16:09:07,327 [WARNING] options_bot - Could not send Telegram notification: send_trade_signal_sync() missing 4 required positional arguments: 'action', 'price', 'confidence', and 'indicators'
2025-11-27 16:09:07,328 [INFO] options_bot - PAPER: BUY 12.8745 QQQ @ $126.18 (cost: $1626.91)
2025-11-27 16:09:07,328 [INFO] options_bot - 🟢 POSITION OPENED: QQQ
Quantity: 12.8745
Entry Price: $126.18
2025-11-27 16:09:07,329 [WARNING] options_bot - Could not send Telegram notification: send_trade_signal_sync() missing 4 required positional arguments: 'action', 'price', 'confidence', and 'indicators'
2025-11-27 16:09:07,329 [INFO] options_bot - PAPER: SELL 12.8745 QQQ @ $128.16 P&L: $23.07 (1.42%)
2025-11-27 16:09:07,329 [INFO] options_bot - ✅ WIN: QQQ
P&L: $23.07 (1.42%)
2025-11-27 16:09:07,329 [WARNING] options_bot - Could not send Telegram notification: send_trade_signal_sync() missing 4 required positional arguments: 'action', 'price', 'confidence', and 'indicators'
2025-11-27 16:09:07,330 [INFO] options_bot - PAPER: BUY 12.8426 QQQ @ $126.81 (cost: $1631.05)
2025-11-27 16:09:07,330 [INFO] options_bot - 🟢 POSITION OPENED: QQQ
Quantity: 12.8426
Entry Price: $126.81
2025-11-27 16:09:07,330 [WARNING] options_bot - Could not send Telegram notification: send_trade_signal_sync() missing 4 required positional arguments: 'action', 'price', 'confidence', and 'indicators'
2025-11-27 16:09:07,332 [INFO] options_bot - PAPER: SELL 12.8426 QQQ @ $127.83 P&L: $10.59 (0.65%)
2025-11-27 16:09:07,332 [INFO] options_bot - ✅ WIN: QQQ
P&L: $10.59 (0.65%)
2025-11-27 16:09:07,332 [WARNING] options_bot - Could not send Telegram notification: send_trade_signal_sync() missing 4 required positional arguments: 'action', 'price', 'confidence', and 'indicators'
2025-11-27 16:09:07,333 [INFO] options_bot - PAPER: BUY 12.7532 QQQ @ $127.83 (cost: $1632.68)
2025-11-27 16:09:07,333 [INFO] options_bot - 🟢 POSITION OPENED: QQQ
Quantity: 12.7532
Entry Price: $127.83
2025-11-27 16:09:07,333 [WARNING] options_bot - Could not send Telegram notification: send_trade_signal_sync() missing 4 required positional arguments: 'action', 'price', 'confidence', and 'indicators'
2025-11-27 16:09:07,336 [INFO] options_bot - PAPER: SELL 18.1913 SPY @ $119.14 P&L: $164.13 (8.21%)
2025-11-27 16:09:07,336 [INFO] options_bot - ✅ WIN: SPY
P&L: $164.13 (8.21%)
2025-11-27 16:09:07,336 [WARNING] options_bot - Could not send Telegram notification: send_trade_signal_sync() missing 4 required positional arguments: 'action', 'price', 'confidence', and 'indicators'
2025-11-27 16:09:07,336 [INFO] options_bot - PAPER: SELL 12.7532 QQQ @ $125.61 P&L: $-30.66 (-1.88%)
2025-11-27 16:09:07,336 [INFO] options_bot - ❌ LOSS: QQQ
P&L: $-30.66 (-1.88%)
2025-11-27 16:09:07,336 [WARNING] options_bot - Could not send Telegram notification: send_trade_signal_sync() missing 4 required positional arguments: 'action', 'price', 'confidence', and 'indicators'
2025-11-27 16:09:07,871 [INFO] httpx - HTTP Request: POST https://api.telegram.org/bot1917762725:AAEFBw_K62I09owCVvNRIBv0WGIZwHB4C-o/sendMessage "HTTP/1.1 403 Forbidden"
2025-11-27 16:09:07,872 [ERROR] options_bot - Failed to send Telegram message to 1917762725: Forbidden: bots can't send messages to bots
2025-11-27 16:09:07,872 [INFO] options_bot - Daily summary sent via Telegram
2025-11-27 16:09:07,873 [INFO] options_bot - Exported 9 trades to paper_trades_telegram.json
2025-11-27 16:10:58,635 [INFO] options_bot - Telegram notifier initialized
2025-11-27 16:10:58,635 [INFO] options_bot - ✓ Telegram notifier initialized from environment
2025-11-27 16:10:58,635 [INFO] options_bot - Starting paper trading with Telegram integration...
2025-11-27 16:10:58,636 [INFO] options_bot - Simulating 300 time periods...
2025-11-27 16:10:58,638 [INFO] options_bot - PAPER: BUY 20.7291 SPY @ $96.48 (cost: $2003.00)
2025-11-27 16:10:58,638 [INFO] options_bot - 🟢 POSITION OPENED: SPY
Quantity: 20.7291
Entry Price: $96.48
2025-11-27 16:10:59,104 [INFO] httpx - HTTP Request: POST https://api.telegram.org/bot1917762725:AAEFBw_K62I09owCVvNRIBv0WGIZwHB4C-o/sendMessage "HTTP/1.1 200 OK"
2025-11-27 16:10:59,108 [INFO] options_bot - PAPER: BUY 15.2181 QQQ @ $105.10 (cost: $1601.80)
2025-11-27 16:10:59,109 [INFO] options_bot - 🟢 POSITION OPENED: QQQ
Quantity: 15.2181
Entry Price: $105.10
2025-11-27 16:10:59,368 [INFO] httpx - HTTP Request: POST https://api.telegram.org/bot1917762725:AAEFBw_K62I09owCVvNRIBv0WGIZwHB4C-o/sendMessage "HTTP/1.1 200 OK"
2025-11-27 16:10:59,369 [INFO] options_bot - PAPER: BUY 11.2822 AAPL @ $113.37 (cost: $1280.96)
2025-11-27 16:10:59,370 [INFO] options_bot - 🟢 POSITION OPENED: AAPL
Quantity: 11.2822
Entry Price: $113.37
2025-11-27 16:10:59,630 [INFO] httpx - HTTP Request: POST https://api.telegram.org/bot1917762725:AAEFBw_K62I09owCVvNRIBv0WGIZwHB4C-o/sendMessage "HTTP/1.1 200 OK"
2025-11-27 16:10:59,633 [INFO] options_bot - PAPER: SELL 11.2822 AAPL @ $113.37 P&L: $-1.92 (-0.15%)
2025-11-27 16:10:59,634 [INFO] options_bot - ❌ LOSS: AAPL
P&L: $-1.92 (-0.15%)
2025-11-27 16:10:59,895 [INFO] httpx - HTTP Request: POST https://api.telegram.org/bot1917762725:AAEFBw_K62I09owCVvNRIBv0WGIZwHB4C-o/sendMessage "HTTP/1.1 200 OK"
2025-11-27 16:10:59,898 [INFO] options_bot - PAPER: SELL 20.7291 SPY @ $96.69 P&L: $1.34 (0.07%)
2025-11-27 16:10:59,898 [INFO] options_bot - ✅ WIN: SPY
P&L: $1.34 (0.07%)
2025-11-27 16:11:00,555 [INFO] httpx - HTTP Request: POST https://api.telegram.org/bot1917762725:AAEFBw_K62I09owCVvNRIBv0WGIZwHB4C-o/sendMessage "HTTP/1.1 200 OK"
2025-11-27 16:11:00,558 [INFO] options_bot - PAPER: SELL 15.2181 QQQ @ $105.10 P&L: $-2.40 (-0.15%)
2025-11-27 16:11:00,559 [INFO] options_bot - ❌ LOSS: QQQ
P&L: $-2.40 (-0.15%)
2025-11-27 16:11:05,168 [INFO] httpx - HTTP Request: POST https://api.telegram.org/bot1917762725:AAEFBw_K62I09owCVvNRIBv0WGIZwHB4C-o/sendMessage "HTTP/1.1 200 OK"
2025-11-27 16:11:05,169 [INFO] options_bot - PAPER: BUY 19.3218 QQQ @ $103.40 (cost: $2000.94)
2025-11-27 16:11:05,169 [INFO] options_bot - 🟢 POSITION OPENED: QQQ
Quantity: 19.3218
Entry Price: $103.40
2025-11-27 16:11:05,431 [INFO] httpx - HTTP Request: POST https://api.telegram.org/bot1917762725:AAEFBw_K62I09owCVvNRIBv0WGIZwHB4C-o/sendMessage "HTTP/1.1 200 OK"
2025-11-27 16:11:05,436 [INFO] options_bot - PAPER: BUY 14.1809 AAPL @ $112.67 (cost: $1600.15)
2025-11-27 16:11:05,436 [INFO] options_bot - 🟢 POSITION OPENED: AAPL
Quantity: 14.1809
Entry Price: $112.67
2025-11-27 16:11:05,750 [INFO] httpx - HTTP Request: POST https://api.telegram.org/bot1917762725:AAEFBw_K62I09owCVvNRIBv0WGIZwHB4C-o/sendMessage "HTTP/1.1 200 OK"
2025-11-27 16:11:05,754 [INFO] options_bot - PAPER: BUY 13.2143 SPY @ $96.69 (cost: $1279.64)
2025-11-27 16:11:05,754 [INFO] options_bot - 🟢 POSITION OPENED: SPY
Quantity: 13.2143
Entry Price: $96.69
2025-11-27 16:11:06,022 [INFO] httpx - HTTP Request: POST https://api.telegram.org/bot1917762725:AAEFBw_K62I09owCVvNRIBv0WGIZwHB4C-o/sendMessage "HTTP/1.1 200 OK"
2025-11-27 16:11:06,039 [INFO] options_bot - PAPER: SELL 13.2143 SPY @ $100.85 P&L: $52.92 (4.14%)
2025-11-27 16:11:06,039 [INFO] options_bot - ✅ WIN: SPY
P&L: $52.92 (4.14%)
2025-11-27 16:11:06,306 [INFO] httpx - HTTP Request: POST https://api.telegram.org/bot1917762725:AAEFBw_K62I09owCVvNRIBv0WGIZwHB4C-o/sendMessage "HTTP/1.1 200 OK"
2025-11-27 16:11:06,310 [INFO] options_bot - PAPER: SELL 14.1809 AAPL @ $108.11 P&L: $-66.99 (-4.19%)
2025-11-27 16:11:06,310 [INFO] options_bot - ❌ LOSS: AAPL
P&L: $-66.99 (-4.19%)
2025-11-27 16:11:11,317 [ERROR] options_bot - Failed to send Telegram message to -5025887204: Timed out
2025-11-27 16:11:11,319 [INFO] options_bot - PAPER: BUY 14.9822 AAPL @ $106.40 (cost: $1596.47)
2025-11-27 16:11:11,320 [INFO] options_bot - 🟢 POSITION OPENED: AAPL
Quantity: 14.9822
Entry Price: $106.40
2025-11-27 16:11:13,107 [INFO] httpx - HTTP Request: POST https://api.telegram.org/bot1917762725:AAEFBw_K62I09owCVvNRIBv0WGIZwHB4C-o/sendMessage "HTTP/1.1 200 OK"
2025-11-27 16:11:13,122 [INFO] options_bot - PAPER: SELL 19.3218 QQQ @ $110.58 P&L: $135.40 (6.78%)
2025-11-27 16:11:13,123 [INFO] options_bot - ✅ WIN: QQQ
P&L: $135.40 (6.78%)
2025-11-27 16:11:13,409 [INFO] httpx - HTTP Request: POST https://api.telegram.org/bot1917762725:AAEFBw_K62I09owCVvNRIBv0WGIZwHB4C-o/sendMessage "HTTP/1.1 200 OK"
2025-11-27 16:11:13,430 [INFO] options_bot - PAPER: BUY 15.4739 QQQ @ $109.96 (cost: $1704.00)
2025-11-27 16:11:13,430 [INFO] options_bot - 🟢 POSITION OPENED: QQQ
Quantity: 15.4739
Entry Price: $109.96
2025-11-27 16:11:13,723 [INFO] httpx - HTTP Request: POST https://api.telegram.org/bot1917762725:AAEFBw_K62I09owCVvNRIBv0WGIZwHB4C-o/sendMessage "HTTP/1.1 200 OK"
2025-11-27 16:11:13,725 [INFO] options_bot - PAPER: SELL 15.4739 QQQ @ $111.40 P&L: $19.74 (1.16%)
2025-11-27 16:11:13,725 [INFO] options_bot - ✅ WIN: QQQ
P&L: $19.74 (1.16%)
2025-11-27 16:11:14,006 [INFO] httpx - HTTP Request: POST https://api.telegram.org/bot1917762725:AAEFBw_K62I09owCVvNRIBv0WGIZwHB4C-o/sendMessage "HTTP/1.1 200 OK"
2025-11-27 16:11:14,020 [INFO] options_bot - PAPER: BUY 15.0070 QQQ @ $113.61 (cost: $1707.45)
2025-11-27 16:11:14,020 [INFO] options_bot - 🟢 POSITION OPENED: QQQ
Quantity: 15.0070
Entry Price: $113.61
2025-11-27 16:11:19,025 [ERROR] options_bot - Failed to send Telegram message to -5025887204: Timed out
2025-11-27 16:11:19,029 [INFO] options_bot - PAPER: SELL 15.0070 QQQ @ $115.56 P&L: $26.76 (1.57%)
2025-11-27 16:11:19,029 [INFO] options_bot - ✅ WIN: QQQ
P&L: $26.76 (1.57%)
2025-11-27 16:11:20,823 [INFO] httpx - HTTP Request: POST https://api.telegram.org/bot1917762725:AAEFBw_K62I09owCVvNRIBv0WGIZwHB4C-o/sendMessage "HTTP/1.1 200 OK"
2025-11-27 16:11:20,831 [INFO] options_bot - PAPER: BUY 18.5192 SPY @ $92.32 (cost: $1712.30)
2025-11-27 16:11:20,831 [INFO] options_bot - 🟢 POSITION OPENED: SPY
Quantity: 18.5192
Entry Price: $92.32
2025-11-27 16:11:21,105 [INFO] httpx - HTTP Request: POST https://api.telegram.org/bot1917762725:AAEFBw_K62I09owCVvNRIBv0WGIZwHB4C-o/sendMessage "HTTP/1.1 200 OK"
2025-11-27 16:11:21,133 [INFO] options_bot - PAPER: SELL 14.9822 AAPL @ $103.60 P&L: $-44.31 (-2.78%)
2025-11-27 16:11:21,133 [INFO] options_bot - ❌ LOSS: AAPL
P&L: $-44.31 (-2.78%)
2025-11-27 16:11:21,396 [INFO] httpx - HTTP Request: POST https://api.telegram.org/bot1917762725:AAEFBw_K62I09owCVvNRIBv0WGIZwHB4C-o/sendMessage "HTTP/1.1 200 OK"
2025-11-27 16:11:21,399 [INFO] options_bot - PAPER: SELL 18.5192 SPY @ $95.76 P&L: $60.91 (3.56%)
2025-11-27 16:11:21,399 [INFO] options_bot - ✅ WIN: SPY
P&L: $60.91 (3.56%)
2025-11-27 16:11:21,654 [INFO] httpx - HTTP Request: POST https://api.telegram.org/bot1917762725:AAEFBw_K62I09owCVvNRIBv0WGIZwHB4C-o/sendMessage "HTTP/1.1 200 OK"
2025-11-27 16:11:21,919 [INFO] httpx - HTTP Request: POST https://api.telegram.org/bot1917762725:AAEFBw_K62I09owCVvNRIBv0WGIZwHB4C-o/sendMessage "HTTP/1.1 429 Too Many Requests"
2025-11-27 16:11:21,921 [ERROR] options_bot - Failed to send Telegram message to -5025887204: Flood control exceeded. Retry in 38 seconds
2025-11-27 16:11:21,921 [INFO] options_bot - Daily summary sent via Telegram
2025-11-27 16:11:21,922 [INFO] options_bot - Exported 10 trades to paper_trades_telegram.json
2025-11-27 19:19:30,260 [INFO] options_bot - PAPER: BUY 44.3053 AAPL @ $225.71 (cost: $10015.00)
2025-11-27 19:19:30,260 [INFO] options_bot - PAPER: BUY 19.7074 META @ $405.79 (cost: $8009.00)
2025-11-27 19:19:30,260 [WARNING] options_bot - Position already exists for AAPL
2025-11-27 19:19:30,261 [WARNING] options_bot - Position already exists for META
2025-11-27 19:19:30,261 [WARNING] options_bot - Position already exists for AAPL
2025-11-27 19:19:30,261 [WARNING] options_bot - Position already exists for META
2025-11-27 19:19:30,261 [WARNING] options_bot - Position already exists for AAPL
2025-11-27 19:19:30,261 [WARNING] options_bot - Position already exists for META
2025-11-27 19:19:30,261 [WARNING] options_bot - Position already exists for AAPL
2025-11-27 19:19:30,262 [WARNING] options_bot - Position already exists for META
2025-11-27 19:19:30,262 [WARNING] options_bot - Position already exists for AAPL
2025-11-27 19:19:30,262 [WARNING] options_bot - Position already exists for META
2025-11-27 19:19:30,262 [WARNING] options_bot - Position already exists for AAPL
2025-11-27 19:19:30,262 [INFO] options_bot - PAPER: SELL 19.7074 META @ $444.03 P&L: $740.56 (9.26%)
2025-11-27 19:19:30,263 [INFO] options_bot - PAPER: SELL 44.3053 AAPL @ $240.30 P&L: $630.64 (6.31%)
2025-11-27 19:19:30,263 [INFO] options_bot - PAPER: BUY 43.1273 AAPL @ $238.11 (cost: $10284.25)
2025-11-27 19:19:30,263 [WARNING] options_bot - Position already exists for AAPL
2025-11-27 19:19:30,265 [INFO] options_bot - PAPER: SELL 43.1273 AAPL @ $243.60 P&L: $221.29 (2.15%)
2025-11-27 19:19:30,266 [INFO] options_bot - PAPER: BUY 31.0993 NFLX @ $331.52 (cost: $10325.48)
2025-11-27 19:19:30,267 [WARNING] options_bot - Position already exists for NFLX
2025-11-27 19:19:30,267 [WARNING] options_bot - Position already exists for NFLX
2025-11-27 19:19:30,267 [WARNING] options_bot - Position already exists for NFLX
2025-11-27 19:19:30,268 [WARNING] options_bot - Position already exists for NFLX
2025-11-27 19:19:30,268 [WARNING] options_bot - Position already exists for NFLX
2025-11-27 19:19:30,268 [WARNING] options_bot - Position already exists for NFLX
2025-11-27 19:19:30,269 [WARNING] options_bot - Position already exists for NFLX
2025-11-27 19:19:30,269 [WARNING] options_bot - Position already exists for NFLX
2025-11-27 19:19:30,269 [WARNING] options_bot - Position already exists for NFLX
2025-11-27 19:19:30,270 [WARNING] options_bot - Position already exists for NFLX
2025-11-27 19:19:30,270 [INFO] options_bot - PAPER: BUY 36.7054 AAPL @ $224.62 (cost: $8257.29)
2025-11-27 19:19:30,270 [WARNING] options_bot - Position already exists for NFLX
2025-11-27 19:19:30,270 [WARNING] options_bot - Position already exists for AAPL
2025-11-27 19:19:30,271 [WARNING] options_bot - Position already exists for NFLX
2025-11-27 19:19:30,271 [WARNING] options_bot - Position already exists for AAPL
2025-11-27 19:19:30,271 [WARNING] options_bot - Position already exists for NFLX
2025-11-27 19:19:30,271 [WARNING] options_bot - Position already exists for AAPL
2025-11-27 19:19:30,271 [WARNING] options_bot - Position already exists for NFLX
2025-11-27 19:19:30,272 [WARNING] options_bot - Position already exists for AAPL
2025-11-27 19:19:30,272 [WARNING] options_bot - Position already exists for NFLX
2025-11-27 19:19:30,272 [WARNING] options_bot - Position already exists for AAPL
2025-11-27 19:19:30,272 [WARNING] options_bot - Position already exists for NFLX
2025-11-27 19:19:30,273 [WARNING] options_bot - Position already exists for AAPL
2025-11-27 19:19:30,273 [WARNING] options_bot - Position already exists for NFLX
2025-11-27 19:19:30,273 [WARNING] options_bot - Position already exists for AAPL
2025-11-27 19:19:30,273 [WARNING] options_bot - Position already exists for NFLX
2025-11-27 19:19:30,273 [WARNING] options_bot - Position already exists for NFLX
2025-11-27 19:19:30,274 [WARNING] options_bot - Position already exists for NFLX
2025-11-27 19:19:30,274 [WARNING] options_bot - Position already exists for NFLX
2025-11-27 19:19:30,275 [WARNING] options_bot - Position already exists for NFLX
2025-11-27 19:19:30,275 [INFO] options_bot - PAPER: SELL 36.7054 AAPL @ $273.39 P&L: $1774.76 (21.53%)
2025-11-27 19:19:30,275 [WARNING] options_bot - Position already exists for NFLX
2025-11-27 19:19:30,275 [WARNING] options_bot - Position already exists for NFLX
2025-11-27 19:19:30,276 [WARNING] options_bot - Position already exists for NFLX
2025-11-27 19:19:30,276 [WARNING] options_bot - Position already exists for NFLX
2025-11-27 19:19:30,280 [WARNING] options_bot - Position already exists for NFLX
2025-11-27 19:19:30,280 [INFO] options_bot - PAPER: BUY 18.3108 META @ $469.53 (cost: $8610.30)
2025-11-27 19:19:30,280 [WARNING] options_bot - Position already exists for NFLX
2025-11-27 19:19:30,281 [WARNING] options_bot - Position already exists for META
2025-11-27 19:19:30,281 [WARNING] options_bot - Position already exists for NFLX
2025-11-27 19:19:30,281 [INFO] options_bot - PAPER: BUY 53.1381 GOOGL @ $129.39 (cost: $6885.65)
2025-11-27 19:19:30,281 [WARNING] options_bot - Position already exists for META
2025-11-27 19:19:30,281 [WARNING] options_bot - Position already exists for NFLX
2025-11-27 19:19:30,282 [WARNING] options_bot - Position already exists for GOOGL
2025-11-27 19:19:30,282 [WARNING] options_bot - Position already exists for META
2025-11-27 19:19:30,282 [INFO] options_bot - PAPER: BUY 24.0391 AAPL @ $228.72 (cost: $5506.46)
2025-11-27 19:19:30,282 [WARNING] options_bot - Position already exists for NFLX
2025-11-27 19:19:30,282 [WARNING] options_bot - Position already exists for GOOGL
2025-11-27 19:19:30,282 [WARNING] options_bot - Position already exists for META
2025-11-27 19:19:30,282 [WARNING] options_bot - Position already exists for AAPL
2025-11-27 19:19:30,283 [WARNING] options_bot - Position already exists for NFLX
2025-11-27 19:19:30,283 [WARNING] options_bot - Position already exists for GOOGL
2025-11-27 19:19:30,284 [WARNING] options_bot - Position already exists for META
2025-11-27 19:19:30,284 [WARNING] options_bot - Position already exists for AAPL
2025-11-27 19:19:30,284 [WARNING] options_bot - Position already exists for NFLX
2025-11-27 19:19:30,284 [WARNING] options_bot - Position already exists for GOOGL
2025-11-27 19:19:30,284 [WARNING] options_bot - Position already exists for META
2025-11-27 19:19:30,286 [WARNING] options_bot - Position already exists for AAPL
2025-11-27 19:19:30,287 [WARNING] options_bot - Position already exists for NFLX
2025-11-27 19:19:30,287 [WARNING] options_bot - Position already exists for GOOGL
2025-11-27 19:19:30,287 [INFO] options_bot - PAPER: SELL 18.3108 META @ $488.20 P&L: $328.51 (3.82%)
2025-11-27 19:19:30,287 [WARNING] options_bot - Position already exists for AAPL
2025-11-27 19:19:30,288 [WARNING] options_bot - Position already exists for GOOGL
2025-11-27 19:19:30,288 [WARNING] options_bot - Position already exists for AAPL
2025-11-27 19:19:30,288 [WARNING] options_bot - Position already exists for GOOGL
2025-11-27 19:19:30,288 [WARNING] options_bot - Position already exists for AAPL
2025-11-27 19:19:30,289 [WARNING] options_bot - Position already exists for GOOGL
2025-11-27 19:19:30,289 [WARNING] options_bot - Position already exists for AAPL
2025-11-27 19:19:30,289 [WARNING] options_bot - Position already exists for GOOGL
2025-11-27 19:19:40,592 [INFO] options_bot - PAPER: BUY 34.5687 NFLX @ $289.28 (cost: $10015.00)
2025-11-27 19:19:40,593 [WARNING] options_bot - Position already exists for NFLX
2025-11-27 19:19:40,593 [WARNING] options_bot - Position already exists for NFLX
2025-11-27 19:19:40,593 [WARNING] options_bot - Position already exists for NFLX
2025-11-27 19:19:40,593 [WARNING] options_bot - Position already exists for NFLX
2025-11-27 19:19:40,594 [WARNING] options_bot - Position already exists for NFLX
2025-11-27 19:19:40,594 [WARNING] options_bot - Position already exists for NFLX
2025-11-27 19:19:40,594 [WARNING] options_bot - Position already exists for NFLX
2025-11-27 19:19:40,594 [WARNING] options_bot - Position already exists for NFLX
2025-11-27 19:19:40,595 [INFO] options_bot - PAPER: SELL 34.5687 NFLX @ $301.75 P&L: $415.38 (4.15%)
2025-11-27 19:19:40,595 [INFO] options_bot - PAPER: BUY 34.3863 NFLX @ $293.14 (cost: $10095.20)
2025-11-27 19:19:40,596 [INFO] options_bot - PAPER: BUY 27.0880 AAPL @ $297.59 (cost: $8073.13)
2025-11-27 19:19:40,596 [WARNING] options_bot - Position already exists for NFLX
2025-11-27 19:19:40,596 [WARNING] options_bot - Position already exists for AAPL
2025-11-27 19:19:40,596 [WARNING] options_bot - Position already exists for NFLX
2025-11-27 19:19:40,596 [WARNING] options_bot - Position already exists for AAPL
2025-11-27 19:19:40,596 [WARNING] options_bot - Position already exists for AAPL
2025-11-27 19:19:40,597 [WARNING] options_bot - Position already exists for AAPL
2025-11-27 19:19:40,597 [WARNING] options_bot - Position already exists for AAPL
2025-11-27 19:19:40,597 [WARNING] options_bot - Position already exists for AAPL
2025-11-27 19:19:40,597 [WARNING] options_bot - Position already exists for AAPL
2025-11-27 19:19:40,598 [WARNING] options_bot - Position already exists for NFLX
2025-11-27 19:19:40,598 [WARNING] options_bot - Position already exists for AAPL
2025-11-27 19:19:40,598 [WARNING] options_bot - Position already exists for AAPL
2025-11-27 19:19:40,598 [WARNING] options_bot - Position already exists for AAPL
2025-11-27 19:19:40,599 [WARNING] options_bot - Position already exists for AAPL
2025-11-27 19:19:40,599 [WARNING] options_bot - Position already exists for AAPL
2025-11-27 19:19:40,599 [WARNING] options_bot - Position already exists for AAPL
2025-11-27 19:19:40,600 [WARNING] options_bot - Position already exists for AAPL
2025-11-27 19:19:40,600 [WARNING] options_bot - Position already exists for AAPL
2025-11-27 19:19:40,600 [WARNING] options_bot - Position already exists for NFLX
2025-11-27 19:19:40,600 [WARNING] options_bot - Position already exists for AAPL
2025-11-27 19:19:40,601 [WARNING] options_bot - Position already exists for AAPL
2025-11-27 19:19:40,601 [WARNING] options_bot - Position already exists for AAPL
2025-11-27 19:19:40,601 [WARNING] options_bot - Position already exists for AAPL
2025-11-27 19:19:40,601 [INFO] options_bot - PAPER: BUY 14.7461 META @ $437.16 (cost: $6456.08)
2025-11-27 19:19:40,602 [WARNING] options_bot - Position already exists for AAPL
2025-11-27 19:19:40,602 [WARNING] options_bot - Position already exists for NFLX
2025-11-27 19:19:40,602 [WARNING] options_bot - Position already exists for META
2025-11-27 19:19:40,602 [WARNING] options_bot - Position already exists for AAPL
2025-11-27 19:19:40,602 [WARNING] options_bot - Position already exists for META
2025-11-27 19:19:40,602 [WARNING] options_bot - Position already exists for AAPL
2025-11-27 19:19:40,602 [WARNING] options_bot - Position already exists for NFLX
2025-11-27 19:19:40,603 [WARNING] options_bot - Position already exists for META
2025-11-27 19:19:40,603 [WARNING] options_bot - Position already exists for AAPL
2025-11-27 19:19:40,603 [WARNING] options_bot - Position already exists for NFLX
2025-11-27 19:19:40,603 [WARNING] options_bot - Position already exists for META
2025-11-27 19:19:40,603 [WARNING] options_bot - Position already exists for AAPL
2025-11-27 19:19:40,603 [WARNING] options_bot - Position already exists for NFLX
2025-11-27 19:19:40,603 [INFO] options_bot - PAPER: BUY 40.2120 GOOGL @ $128.20 (cost: $5162.93)
2025-11-27 19:19:40,603 [WARNING] options_bot - Position already exists for META
2025-11-27 19:19:40,604 [WARNING] options_bot - Position already exists for AAPL
2025-11-27 19:19:40,604 [WARNING] options_bot - Position already exists for GOOGL
2025-11-27 19:19:40,604 [WARNING] options_bot - Position already exists for META
2025-11-27 19:19:40,604 [WARNING] options_bot - Position already exists for AAPL
2025-11-27 19:19:40,604 [WARNING] options_bot - Position already exists for GOOGL
2025-11-27 19:19:40,604 [WARNING] options_bot - Position already exists for META
2025-11-27 19:19:40,604 [WARNING] options_bot - Position already exists for AAPL
2025-11-27 19:19:40,604 [WARNING] options_bot - Position already exists for GOOGL
2025-11-27 19:19:40,605 [WARNING] options_bot - Position already exists for AAPL
2025-11-27 19:19:40,605 [WARNING] options_bot - Position already exists for GOOGL
2025-11-27 19:19:40,605 [INFO] options_bot - PAPER: SELL 27.0880 AAPL @ $273.24 P&L: $-670.70 (-8.32%)
2025-11-27 19:19:40,605 [WARNING] options_bot - Position already exists for NFLX
2025-11-27 19:19:40,605 [WARNING] options_bot - Position already exists for GOOGL
2025-11-27 19:19:40,606 [INFO] options_bot - PAPER: SELL 34.3863 NFLX @ $333.60 P&L: $1374.06 (13.63%)
2025-11-27 19:19:40,606 [INFO] options_bot - PAPER: SELL 40.2120 GOOGL @ $122.37 P&L: $-242.01 (-4.69%)
2025-11-27 19:19:40,606 [INFO] options_bot - PAPER: SELL 14.7461 META @ $490.69 P&L: $778.47 (12.08%)
2025-11-27 19:19:40,606 [INFO] options_bot - PAPER: BUY 89.2182 GOOGL @ $115.66 (cost: $10334.60)
2025-11-27 19:19:40,606 [INFO] options_bot - PAPER: BUY 29.4571 AAPL @ $280.14 (cost: $8264.58)
2025-11-27 19:19:40,606 [WARNING] options_bot - Position already exists for GOOGL
2025-11-27 19:19:40,607 [INFO] options_bot - PAPER: SELL 29.4571 AAPL @ $286.14 P&L: $164.08 (1.99%)
2025-11-27 19:19:40,607 [INFO] options_bot - PAPER: SELL 89.2182 GOOGL @ $114.68 P&L: $-102.95 (-1.00%)
2025-11-27 19:19:40,607 [INFO] options_bot - PAPER: BUY 88.1154 GOOGL @ $117.18 (cost: $10341.26)
2025-11-27 19:19:40,608 [WARNING] options_bot - Position already exists for GOOGL
2025-11-27 19:19:40,608 [WARNING] options_bot - Position already exists for GOOGL
2025-11-27 19:19:40,608 [WARNING] options_bot - Position already exists for GOOGL
2025-11-27 19:19:40,609 [WARNING] options_bot - Position already exists for GOOGL
2025-11-27 19:19:40,609 [WARNING] options_bot - Position already exists for GOOGL
2025-11-27 19:19:40,610 [WARNING] options_bot - Position already exists for GOOGL
2025-11-27 19:19:40,610 [WARNING] options_bot - Position already exists for GOOGL
2025-11-27 19:19:40,610 [WARNING] options_bot - Position already exists for GOOGL
2025-11-27 19:19:40,611 [WARNING] options_bot - Position already exists for GOOGL
2025-11-27 19:19:40,611 [INFO] options_bot - PAPER: BUY 27.1538 AAPL @ $304.10 (cost: $8269.91)
2025-11-27 19:19:40,611 [WARNING] options_bot - Position already exists for GOOGL
2025-11-27 19:19:40,612 [WARNING] options_bot - Position already exists for AAPL
2025-11-27 19:19:40,612 [WARNING] options_bot - Position already exists for GOOGL
2025-11-27 19:19:40,612 [WARNING] options_bot - Position already exists for AAPL
2025-11-27 19:19:40,613 [WARNING] options_bot - Position already exists for GOOGL
2025-11-27 19:19:40,613 [WARNING] options_bot - Position already exists for GOOGL
2025-11-27 19:19:40,613 [WARNING] options_bot - Position already exists for GOOGL
2025-11-27 19:19:40,614 [WARNING] options_bot - Position already exists for GOOGL
2025-11-27 19:19:40,614 [WARNING] options_bot - Position already exists for AAPL
2025-11-27 19:19:40,614 [WARNING] options_bot - Position already exists for GOOGL
2025-11-27 19:19:40,615 [WARNING] options_bot - Position already exists for AAPL
2025-11-27 19:19:40,615 [WARNING] options_bot - Position already exists for GOOGL
2025-11-27 19:19:48,409 [INFO] options_bot - PAPER: BUY 21.7944 META @ $458.83 (cost: $10015.00)
2025-11-27 19:19:48,409 [INFO] options_bot - PAPER: BUY 23.0130 NFLX @ $347.50 (cost: $8009.00)
2025-11-27 19:19:48,409 [INFO] options_bot - PAPER: BUY 53.5458 GOOGL @ $119.43 (cost: $6404.79)
2025-11-27 19:19:48,409 [WARNING] options_bot - Position already exists for META
2025-11-27 19:19:48,409 [INFO] options_bot - PAPER: BUY 22.7766 AAPL @ $224.54 (cost: $5121.91)
2025-11-27 19:19:48,410 [WARNING] options_bot - Position already exists for NFLX
2025-11-27 19:19:48,410 [WARNING] options_bot - Position already exists for GOOGL
2025-11-27 19:19:48,410 [WARNING] options_bot - Position already exists for META
2025-11-27 19:19:48,410 [WARNING] options_bot - Position already exists for AAPL
2025-11-27 19:19:48,410 [WARNING] options_bot - Position already exists for NFLX
2025-11-27 19:19:48,410 [WARNING] options_bot - Position already exists for GOOGL
2025-11-27 19:19:48,410 [WARNING] options_bot - Position already exists for META
2025-11-27 19:19:48,410 [WARNING] options_bot - Position already exists for AAPL
2025-11-27 19:19:48,410 [WARNING] options_bot - Position already exists for NFLX
2025-11-27 19:19:48,410 [WARNING] options_bot - Position already exists for GOOGL
2025-11-27 19:19:48,410 [WARNING] options_bot - Position already exists for META
2025-11-27 19:19:48,410 [WARNING] options_bot - Position already exists for AAPL
2025-11-27 19:19:48,410 [WARNING] options_bot - Position already exists for NFLX
2025-11-27 19:19:48,411 [WARNING] options_bot - Position already exists for GOOGL
2025-11-27 19:19:48,411 [WARNING] options_bot - Position already exists for META
2025-11-27 19:19:48,411 [INFO] options_bot - PAPER: SELL 22.7766 AAPL @ $225.46 P&L: $13.25 (0.26%)
2025-11-27 19:19:48,411 [WARNING] options_bot - Position already exists for NFLX
2025-11-27 19:19:48,411 [WARNING] options_bot - Position already exists for GOOGL
2025-11-27 19:19:48,411 [WARNING] options_bot - Position already exists for META
2025-11-27 19:19:48,411 [WARNING] options_bot - Position already exists for NFLX
2025-11-27 19:19:48,411 [WARNING] options_bot - Position already exists for GOOGL
2025-11-27 19:19:48,411 [WARNING] options_bot - Position already exists for META
2025-11-27 19:19:48,411 [WARNING] options_bot - Position already exists for NFLX
2025-11-27 19:19:48,411 [WARNING] options_bot - Position already exists for GOOGL
2025-11-27 19:19:48,412 [WARNING] options_bot - Position already exists for META
2025-11-27 19:19:48,412 [WARNING] options_bot - Position already exists for NFLX
2025-11-27 19:19:48,412 [WARNING] options_bot - Position already exists for GOOGL
2025-11-27 19:19:48,412 [WARNING] options_bot - Position already exists for META
2025-11-27 19:19:48,412 [WARNING] options_bot - Position already exists for NFLX
2025-11-27 19:19:48,412 [WARNING] options_bot - Position already exists for GOOGL
2025-11-27 19:19:48,412 [WARNING] options_bot - Position already exists for META
2025-11-27 19:19:48,412 [INFO] options_bot - PAPER: SELL 23.0130 NFLX @ $371.14 P&L: $531.31 (6.64%)
2025-11-27 19:19:48,412 [WARNING] options_bot - Position already exists for GOOGL
2025-11-27 19:19:48,412 [WARNING] options_bot - Position already exists for META
2025-11-27 19:19:48,413 [INFO] options_bot - PAPER: BUY 19.3752 NFLX @ $352.05 (cost: $6831.25)
2025-11-27 19:19:48,413 [WARNING] options_bot - Position already exists for GOOGL
2025-11-27 19:19:48,413 [WARNING] options_bot - Position already exists for META
2025-11-27 19:19:48,413 [WARNING] options_bot - Position already exists for NFLX
2025-11-27 19:19:48,413 [WARNING] options_bot - Position already exists for GOOGL
2025-11-27 19:19:48,413 [WARNING] options_bot - Position already exists for META
2025-11-27 19:19:48,413 [WARNING] options_bot - Position already exists for NFLX
2025-11-27 19:19:48,413 [WARNING] options_bot - Position already exists for GOOGL
2025-11-27 19:19:48,413 [WARNING] options_bot - Position already exists for META
2025-11-27 19:19:48,414 [WARNING] options_bot - Position already exists for NFLX
2025-11-27 19:19:48,414 [WARNING] options_bot - Position already exists for GOOGL
2025-11-27 19:19:48,414 [WARNING] options_bot - Position already exists for META
2025-11-27 19:19:48,414 [WARNING] options_bot - Position already exists for NFLX
2025-11-27 19:19:48,414 [WARNING] options_bot - Position already exists for GOOGL
2025-11-27 19:19:48,414 [WARNING] options_bot - Position already exists for META
2025-11-27 19:19:48,414 [WARNING] options_bot - Position already exists for NFLX
2025-11-27 19:19:48,414 [WARNING] options_bot - Position already exists for GOOGL
2025-11-27 19:19:48,414 [WARNING] options_bot - Position already exists for META
2025-11-27 19:19:48,414 [WARNING] options_bot - Position already exists for NFLX
2025-11-27 19:19:48,415 [WARNING] options_bot - Position already exists for GOOGL
2025-11-27 19:19:48,415 [WARNING] options_bot - Position already exists for META
2025-11-27 19:19:48,415 [WARNING] options_bot - Position already exists for NFLX
2025-11-27 19:19:48,415 [WARNING] options_bot - Position already exists for GOOGL
2025-11-27 19:19:48,415 [WARNING] options_bot - Position already exists for META
2025-11-27 19:19:48,415 [WARNING] options_bot - Position already exists for NFLX
2025-11-27 19:19:48,415 [WARNING] options_bot - Position already exists for GOOGL
2025-11-27 19:19:48,415 [INFO] options_bot - PAPER: SELL 21.7944 META @ $484.30 P&L: $539.21 (5.39%)
2025-11-27 19:19:48,416 [WARNING] options_bot - Position already exists for NFLX
2025-11-27 19:19:48,416 [WARNING] options_bot - Position already exists for GOOGL
2025-11-27 19:19:48,416 [WARNING] options_bot - Position already exists for NFLX
2025-11-27 19:19:48,416 [WARNING] options_bot - Position already exists for GOOGL
2025-11-27 19:19:48,416 [INFO] options_bot - PAPER: BUY 16.7134 META @ $452.49 (cost: $7573.96)
2025-11-27 19:19:48,416 [WARNING] options_bot - Position already exists for NFLX
2025-11-27 19:19:48,416 [WARNING] options_bot - Position already exists for GOOGL
2025-11-27 19:19:48,416 [WARNING] options_bot - Position already exists for META
2025-11-27 19:19:48,417 [WARNING] options_bot - Position already exists for NFLX
2025-11-27 19:19:48,417 [WARNING] options_bot - Position already exists for GOOGL
2025-11-27 19:19:48,417 [WARNING] options_bot - Position already exists for META
2025-11-27 19:19:48,417 [WARNING] options_bot - Position already exists for NFLX
2025-11-27 19:19:48,417 [WARNING] options_bot - Position already exists for GOOGL
2025-11-27 19:19:48,417 [WARNING] options_bot - Position already exists for META
2025-11-27 19:19:48,417 [WARNING] options_bot - Position already exists for NFLX
2025-11-27 19:19:48,417 [INFO] options_bot - PAPER: SELL 53.5458 GOOGL @ $106.12 P&L: $-721.29 (-11.28%)
2025-11-27 19:19:48,418 [WARNING] options_bot - Position already exists for NFLX
2025-11-27 19:19:48,418 [WARNING] options_bot - Position already exists for META
2025-11-27 19:19:48,418 [WARNING] options_bot - Position already exists for NFLX
2025-11-27 19:19:48,418 [WARNING] options_bot - Position already exists for META
2025-11-27 19:19:48,418 [WARNING] options_bot - Position already exists for NFLX
2025-11-27 19:19:48,418 [WARNING] options_bot - Position already exists for META
2025-11-27 19:19:48,418 [WARNING] options_bot - Position already exists for NFLX
2025-11-27 19:19:48,419 [WARNING] options_bot - Position already exists for META
2025-11-27 19:19:48,419 [WARNING] options_bot - Position already exists for NFLX
2025-11-27 19:19:48,419 [WARNING] options_bot - Position already exists for META
2025-11-27 19:19:48,419 [WARNING] options_bot - Position already exists for NFLX
2025-11-27 19:19:48,419 [WARNING] options_bot - Position already exists for META
2025-11-27 19:19:48,419 [WARNING] options_bot - Position already exists for NFLX
2025-11-27 19:19:48,420 [WARNING] options_bot - Position already exists for META
2025-11-27 19:19:48,420 [WARNING] options_bot - Position already exists for NFLX
2025-11-27 19:19:48,420 [WARNING] options_bot - Position already exists for META
2025-11-27 19:19:48,420 [INFO] options_bot - PAPER: BUY 34.5005 AAPL @ $208.19 (cost: $7193.38)
2025-11-27 19:19:48,420 [WARNING] options_bot - Position already exists for NFLX
2025-11-27 19:19:48,420 [WARNING] options_bot - Position already exists for META
2025-11-27 19:19:48,421 [WARNING] options_bot - Position already exists for AAPL
2025-11-27 19:19:48,421 [WARNING] options_bot - Position already exists for NFLX
2025-11-27 19:19:48,421 [WARNING] options_bot - Position already exists for META
2025-11-27 19:19:48,421 [WARNING] options_bot - Position already exists for AAPL
2025-11-27 19:19:48,421 [WARNING] options_bot - Position already exists for NFLX
2025-11-27 19:19:48,421 [WARNING] options_bot - Position already exists for META
2025-11-27 19:19:48,421 [WARNING] options_bot - Position already exists for AAPL
2025-11-27 19:19:48,421 [WARNING] options_bot - Position already exists for NFLX
2025-11-27 19:19:48,422 [WARNING] options_bot - Position already exists for META
2025-11-27 19:19:48,422 [WARNING] options_bot - Position already exists for AAPL
2025-11-27 19:19:48,422 [WARNING] options_bot - Position already exists for NFLX
2025-11-27 19:19:48,422 [WARNING] options_bot - Position already exists for META
2025-11-27 19:19:48,422 [WARNING] options_bot - Position already exists for AAPL
2025-11-27 19:19:48,422 [WARNING] options_bot - Position already exists for NFLX
2025-11-27 19:19:48,422 [WARNING] options_bot - Position already exists for META
2025-11-27 19:19:48,422 [WARNING] options_bot - Position already exists for AAPL
2025-11-27 19:19:48,423 [WARNING] options_bot - Position already exists for META
2025-11-27 19:19:48,423 [WARNING] options_bot - Position already exists for AAPL
2025-11-27 19:19:48,423 [WARNING] options_bot - Position already exists for META
2025-11-27 19:19:48,423 [WARNING] options_bot - Position already exists for AAPL
2025-11-27 19:19:48,423 [WARNING] options_bot - Position already exists for META
2025-11-27 19:19:48,424 [WARNING] options_bot - Position already exists for AAPL
2025-11-27 19:19:48,424 [WARNING] options_bot - Position already exists for NFLX
2025-11-27 19:19:48,424 [WARNING] options_bot - Position already exists for META
2025-11-27 19:19:48,424 [WARNING] options_bot - Position already exists for AAPL
2025-11-27 19:19:48,424 [WARNING] options_bot - Position already exists for NFLX
2025-11-27 19:19:48,424 [WARNING] options_bot - Position already exists for META
2025-11-27 19:19:48,425 [WARNING] options_bot - Position already exists for AAPL
2025-11-27 19:19:48,425 [WARNING] options_bot - Position already exists for META
2025-11-27 19:19:48,425 [WARNING] options_bot - Position already exists for AAPL
2025-11-27 19:19:48,425 [WARNING] options_bot - Position already exists for META
2025-11-27 19:19:48,425 [WARNING] options_bot - Position already exists for AAPL
2025-11-27 19:19:48,426 [WARNING] options_bot - Position already exists for META
2025-11-27 19:19:48,426 [WARNING] options_bot - Position already exists for AAPL
2025-11-27 19:19:48,426 [WARNING] options_bot - Position already exists for META
2025-11-27 19:19:48,426 [WARNING] options_bot - Position already exists for AAPL
2025-11-27 19:19:48,426 [WARNING] options_bot - Position already exists for META
2025-11-27 19:19:48,426 [WARNING] options_bot - Position already exists for AAPL
2025-11-27 19:19:48,427 [WARNING] options_bot - Position already exists for META
2025-11-27 19:19:48,427 [WARNING] options_bot - Position already exists for AAPL
2025-11-27 19:19:48,427 [WARNING] options_bot - Position already exists for NFLX
2025-11-27 19:19:48,427 [WARNING] options_bot - Position already exists for META
2025-11-27 19:19:48,427 [WARNING] options_bot - Position already exists for AAPL
2025-11-27 19:19:48,427 [WARNING] options_bot - Position already exists for NFLX
2025-11-27 19:19:48,428 [WARNING] options_bot - Position already exists for META
2025-11-27 19:19:48,428 [WARNING] options_bot - Position already exists for AAPL
2025-11-27 19:19:48,428 [WARNING] options_bot - Position already exists for NFLX
2025-11-27 19:19:48,428 [WARNING] options_bot - Position already exists for META
2025-11-27 19:19:48,428 [WARNING] options_bot - Position already exists for AAPL
2025-11-27 19:19:48,428 [WARNING] options_bot - Position already exists for META
2025-11-27 19:19:48,429 [WARNING] options_bot - Position already exists for NFLX
2025-11-27 19:19:48,429 [WARNING] options_bot - Position already exists for META
2025-11-27 19:19:48,429 [WARNING] options_bot - Position already exists for NFLX
2025-11-27 19:19:48,429 [WARNING] options_bot - Position already exists for NFLX
2025-11-27 19:19:48,430 [WARNING] options_bot - Position already exists for META
2025-11-27 19:19:48,430 [WARNING] options_bot - Position already exists for NFLX
2025-11-27 19:19:48,430 [WARNING] options_bot - Position already exists for NFLX
2025-11-27 19:19:48,430 [WARNING] options_bot - Position already exists for META
2025-11-27 19:19:48,431 [INFO] options_bot - PAPER: SELL 34.5005 AAPL @ $238.15 P&L: $1021.33 (14.22%)
2025-11-27 19:19:48,431 [WARNING] options_bot - Position already exists for NFLX
2025-11-27 19:19:48,431 [WARNING] options_bot - Position already exists for META
2025-11-27 19:19:48,431 [WARNING] options_bot - Position already exists for NFLX
2025-11-27 19:19:48,431 [WARNING] options_bot - Position already exists for META
2025-11-27 19:19:48,432 [WARNING] options_bot - Position already exists for NFLX
2025-11-27 19:19:48,432 [WARNING] options_bot - Position already exists for META
2025-11-27 19:19:48,432 [WARNING] options_bot - Position already exists for NFLX
2025-11-27 19:19:48,432 [WARNING] options_bot - Position already exists for META
2025-11-27 19:19:48,433 [WARNING] options_bot - Position already exists for NFLX
2025-11-27 19:19:48,433 [INFO] options_bot - PAPER: SELL 16.7134 META @ $446.26 P&L: $-115.20 (-1.52%)
2025-11-27 19:19:48,433 [WARNING] options_bot - Position already exists for NFLX
2025-11-27 19:19:48,433 [INFO] options_bot - PAPER: BUY 20.7172 META @ $428.35 (cost: $8887.51)
2025-11-27 19:19:48,434 [WARNING] options_bot - Position already exists for NFLX
2025-11-27 19:19:48,434 [WARNING] options_bot - Position already exists for META
2025-11-27 19:19:48,434 [WARNING] options_bot - Position already exists for NFLX
2025-11-27 19:19:48,434 [WARNING] options_bot - Position already exists for META
2025-11-27 19:19:48,434 [WARNING] options_bot - Position already exists for NFLX
2025-11-27 19:20:00,633 [INFO] options_bot - PAPER: BUY 60.6973 GOOGL @ $164.75 (cost: $10015.00)
2025-11-27 19:20:00,634 [INFO] options_bot - PAPER: BUY 30.6209 AAPL @ $261.16 (cost: $8009.00)
2025-11-27 19:20:00,634 [WARNING] options_bot - Position already exists for GOOGL
2025-11-27 19:20:00,634 [INFO] options_bot - PAPER: SELL 30.6209 AAPL @ $268.63 P&L: $216.31 (2.70%)
2025-11-27 19:20:00,634 [INFO] options_bot - PAPER: SELL 60.6973 GOOGL @ $173.29 P&L: $502.67 (5.03%)
2025-11-27 19:20:00,634 [INFO] options_bot - PAPER: BUY 60.2242 GOOGL @ $168.34 (cost: $10153.60)
2025-11-27 19:20:00,635 [INFO] options_bot - PAPER: SELL 60.2242 GOOGL @ $176.26 P&L: $461.09 (4.55%)
2025-11-27 19:20:00,635 [INFO] options_bot - PAPER: BUY 59.8847 GOOGL @ $170.79 (cost: $10242.91)
2025-11-27 19:20:00,635 [WARNING] options_bot - Position already exists for GOOGL
2025-11-27 19:20:00,636 [WARNING] options_bot - Position already exists for GOOGL
2025-11-27 19:20:00,637 [WARNING] options_bot - Position already exists for GOOGL
2025-11-27 19:20:00,637 [WARNING] options_bot - Position already exists for GOOGL
2025-11-27 19:20:00,637 [WARNING] options_bot - Position already exists for GOOGL
2025-11-27 19:20:00,637 [WARNING] options_bot - Position already exists for GOOGL
2025-11-27 19:20:00,638 [WARNING] options_bot - Position already exists for GOOGL
2025-11-27 19:20:00,638 [WARNING] options_bot - Position already exists for GOOGL
2025-11-27 19:20:00,638 [WARNING] options_bot - Position already exists for GOOGL
2025-11-27 19:20:00,638 [WARNING] options_bot - Position already exists for GOOGL
2025-11-27 19:20:00,639 [WARNING] options_bot - Position already exists for GOOGL
2025-11-27 19:20:00,639 [WARNING] options_bot - Position already exists for GOOGL
2025-11-27 19:20:00,639 [WARNING] options_bot - Position already exists for GOOGL
2025-11-27 19:20:00,640 [WARNING] options_bot - Position already exists for GOOGL
2025-11-27 19:20:00,640 [WARNING] options_bot - Position already exists for GOOGL
2025-11-27 19:20:00,640 [WARNING] options_bot - Position already exists for GOOGL
2025-11-27 19:20:00,641 [WARNING] options_bot - Position already exists for GOOGL
2025-11-27 19:20:00,641 [WARNING] options_bot - Position already exists for GOOGL
2025-11-27 19:20:00,641 [WARNING] options_bot - Position already exists for GOOGL
2025-11-27 19:20:00,642 [WARNING] options_bot - Position already exists for GOOGL
2025-11-27 19:20:00,642 [WARNING] options_bot - Position already exists for GOOGL
2025-11-27 19:20:00,642 [WARNING] options_bot - Position already exists for GOOGL
2025-11-27 19:20:00,642 [INFO] options_bot - PAPER: BUY 29.1056 AAPL @ $281.01 (cost: $8191.26)
2025-11-27 19:20:00,643 [WARNING] options_bot - Position already exists for GOOGL
2025-11-27 19:20:00,643 [WARNING] options_bot - Position already exists for AAPL
2025-11-27 19:20:00,643 [WARNING] options_bot - Position already exists for GOOGL
2025-11-27 19:20:00,643 [WARNING] options_bot - Position already exists for AAPL
2025-11-27 19:20:00,643 [WARNING] options_bot - Position already exists for GOOGL
2025-11-27 19:20:00,643 [WARNING] options_bot - Position already exists for AAPL
2025-11-27 19:20:00,644 [WARNING] options_bot - Position already exists for GOOGL
2025-11-27 19:20:00,644 [WARNING] options_bot - Position already exists for AAPL
2025-11-27 19:20:00,644 [WARNING] options_bot - Position already exists for GOOGL
2025-11-27 19:20:00,644 [WARNING] options_bot - Position already exists for AAPL
2025-11-27 19:20:00,644 [WARNING] options_bot - Position already exists for GOOGL
2025-11-27 19:20:00,645 [WARNING] options_bot - Position already exists for AAPL
2025-11-27 19:20:00,645 [WARNING] options_bot - Position already exists for GOOGL
2025-11-27 19:20:00,645 [WARNING] options_bot - Position already exists for AAPL
2025-11-27 19:20:00,645 [WARNING] options_bot - Position already exists for GOOGL
2025-11-27 19:20:00,645 [WARNING] options_bot - Position already exists for AAPL
2025-11-27 19:20:00,645 [WARNING] options_bot - Position already exists for GOOGL
2025-11-27 19:20:00,646 [WARNING] options_bot - Position already exists for AAPL
2025-11-27 19:20:00,646 [WARNING] options_bot - Position already exists for GOOGL
2025-11-27 19:20:00,646 [WARNING] options_bot - Position already exists for AAPL
2025-11-27 19:20:00,646 [WARNING] options_bot - Position already exists for GOOGL
2025-11-27 19:20:00,646 [WARNING] options_bot - Position already exists for AAPL
2025-11-27 19:20:00,647 [WARNING] options_bot - Position already exists for GOOGL
2025-11-27 19:20:00,647 [WARNING] options_bot - Position already exists for AAPL
2025-11-27 19:20:00,647 [WARNING] options_bot - Position already exists for AAPL
2025-11-27 19:20:00,648 [WARNING] options_bot - Position already exists for GOOGL
2025-11-27 19:20:00,649 [WARNING] options_bot - Position already exists for GOOGL
2025-11-27 19:20:00,649 [WARNING] options_bot - Position already exists for GOOGL
2025-11-27 19:20:00,649 [WARNING] options_bot - Position already exists for GOOGL
2025-11-27 19:20:00,650 [WARNING] options_bot - Position already exists for GOOGL
2025-11-27 19:20:00,650 [INFO] options_bot - PAPER: SELL 29.1056 AAPL @ $349.03 P&L: $1964.54 (24.02%)
2025-11-27 19:20:00,650 [WARNING] options_bot - Position already exists for GOOGL
2025-11-27 19:20:00,651 [WARNING] options_bot - Position already exists for GOOGL
2025-11-27 19:20:00,651 [WARNING] options_bot - Position already exists for GOOGL
2025-11-27 19:20:00,651 [WARNING] options_bot - Position already exists for GOOGL
2025-11-27 19:20:00,652 [WARNING] options_bot - Position already exists for GOOGL
2025-11-27 19:20:00,652 [WARNING] options_bot - Position already exists for GOOGL
2025-11-27 19:20:00,653 [WARNING] options_bot - Position already exists for GOOGL
2025-11-27 19:20:00,653 [WARNING] options_bot - Position already exists for GOOGL
2025-11-27 19:20:00,653 [INFO] options_bot - PAPER: BUY 18.1080 META @ $473.24 (cost: $8582.30)
2025-11-27 19:20:00,653 [WARNING] options_bot - Position already exists for GOOGL
2025-11-27 19:20:00,654 [WARNING] options_bot - Position already exists for META
2025-11-27 19:20:00,654 [WARNING] options_bot - Position already exists for GOOGL
2025-11-27 19:20:00,654 [WARNING] options_bot - Position already exists for META
2025-11-27 19:20:00,654 [WARNING] options_bot - Position already exists for GOOGL
2025-11-27 19:20:00,654 [WARNING] options_bot - Position already exists for META
2025-11-27 19:20:00,655 [WARNING] options_bot - Position already exists for GOOGL
2025-11-27 19:20:00,655 [WARNING] options_bot - Position already exists for META
2025-11-27 19:20:00,655 [WARNING] options_bot - Position already exists for GOOGL
2025-11-27 19:20:00,655 [WARNING] options_bot - Position already exists for META
2025-11-27 19:20:00,656 [WARNING] options_bot - Position already exists for GOOGL
